生成启动时间为 2019/5/17 13:15:14。
     1>项目“C:\Users\Administor\Documents\RobotXC\RobotXC\RobotXC.vcxproj”在节点 2 上(build 个目标)。
     1>InitializeBuildStatus:
         正在创建“Debug\RobotXC.unsuccessfulbuild”，因为已指定“AlwaysCreate”。
       CustomBuild:
         所有输出均为最新。
       ClCompile:
         所有输出均为最新。
         C:\Program Files (x86)\Microsoft Visual Studio 10.0\VC\bin\CL.exe /c /I.\GeneratedFiles /I. /IC:\Qt\4.8.6\include /I.\GeneratedFiles\Debug /IC:\Qt\4.8.6\include\QtCore /IC:\Qt\4.8.6\include\QtGui /IC:\Qt\4.8.6\include\QtTest /Zi /nologo /W1 /WX- /Od /Oy- /D UNICODE /D WIN32 /D QT_DLL /D QT_CORE_LIB /D QT_GUI_LIB /Gm- /EHsc /MDd /GS /fp:precise /Zc:wchar_t- /Zc:forScope /Yu"StdAfx.h" /Fp"Debug\RobotXC.pch" /Fo"Debug\\" /Fd"Debug\vc100.pdb" /Gd /TP /analyze- /errorReport:prompt XCVoice.cpp
         XCVoice.cpp
         所有输出均为最新。
       ResourceCompile:
         所有输出均为最新。
       Link:
         C:\Program Files (x86)\Microsoft Visual Studio 10.0\VC\bin\link.exe /ERRORREPORT:PROMPT /OUT:"C:\Users\Administor\Documents\RobotXC\Win32\Debug\\RobotXC.exe" /NOLOGO /LIBPATH:.\lib /LIBPATH:C:\Qt\4.8.6\lib hci_sys.lib hci_asr_recorder.lib hci_tts_player.lib qtmaind.lib QtCored4.lib QtGuid4.lib QtTestd4.lib kernel32.lib user32.lib gdi32.lib winspool.lib comdlg32.lib advapi32.lib shell32.lib ole32.lib oleaut32.lib uuid.lib odbc32.lib odbccp32.lib /MANIFEST /ManifestFile:"Debug\RobotXC.exe.intermediate.manifest" /MANIFESTUAC:"level='asInvoker' uiAccess='false'" /DEBUG /PDB:"C:\Users\Administor\Documents\RobotXC\Win32\Debug\RobotXC.pdb" /SUBSYSTEM:WINDOWS /TLBID:1 /DYNAMICBASE /NXCOMPAT /IMPLIB:"C:\Users\Administor\Documents\RobotXC\Win32\Debug\RobotXC.lib" /MACHINE:X86 Debug\RobotXC.res
         Debug\AccountInfo.obj
         Debug\CommonTool.obj
         Debug\FileReader.obj
         Debug\moc_RobotXC.obj
         Debug\qrc_robotxc.obj
         Debug\main.obj
         Debug\RobotXC.obj
         Debug\stdafx.obj
         Debug\XCVoice.obj
         LINK : 没有找到 C:\Users\Administor\Documents\RobotXC\Win32\Debug\\RobotXC.exe 或上一个增量链接没有生成它；正在执行完全链接
         RobotXC.vcxproj -> C:\Users\Administor\Documents\RobotXC\Win32\Debug\RobotXC.exe
       Manifest:
         C:\Program Files (x86)\Microsoft SDKs\Windows\v7.0A\bin\mt.exe /nologo /verbose /outputresource:"C:\Users\Administor\Documents\RobotXC\Win32\Debug\\RobotXC.exe;#1" /manifest Debug\RobotXC.exe.intermediate.manifest
       FinalizeBuildStatus:
         正在删除文件“Debug\RobotXC.unsuccessfulbuild”。
         正在对“Debug\RobotXC.lastbuildstate”执行 Touch 任务。
     1>已完成生成项目“C:\Users\Administor\Documents\RobotXC\RobotXC\RobotXC.vcxproj”(build 个目标)的操作。

生成成功。

已用时间 00:00:01.45
